<?xml version="1.0" encoding="UTF-8"?>
<!-- Generated by org.testng.reporters.JUnitReportReporter -->
<testsuite hostname="DESKTOP-2L7QON7" failures="0" tests="2" name="com.testng.demo.TestNgDemo1" time="12.474" errors="0" timestamp="2023-06-19T22:44:58 IST" skipped="0">
  <testcase classname="com.testng.demo.TestNgDemo1" name="verifyAppInEdge" time="5.729"/>
  <system-out/>
  <testcase classname="com.testng.demo.TestNgDemo1" name="verifyAppInChrome" time="6.745"/>
  <system-out/>
</testsuite> <!-- com.testng.demo.TestNgDemo1 -->
