<?xml version="1.0" encoding="UTF-8"?>
<!-- Generated by org.testng.reporters.JUnitReportReporter -->
<testsuite hostname="DESKTOP-2L7QON7" failures="0" tests="2" name="com.testng.demo.TestNGDemoWithAnnotations" time="0.011" errors="0" timestamp="2023-06-20T22:48:46 IST" skipped="0">
  <testcase classname="com.testng.demo.TestNGDemoWithAnnotations" name="samplTestCase1" time="0.006"/>
  <system-out/>
  <testcase classname="com.testng.demo.TestNGDemoWithAnnotations" name="samplTestCase2" time="0.005"/>
  <system-out/>
</testsuite> <!-- com.testng.demo.TestNGDemoWithAnnotations -->
