<?xml version="1.0" encoding="UTF-8"?>
<!-- Generated by org.testng.reporters.JUnitReportReporter -->
<testsuite hostname="DESKTOP-2L7QON7" failures="0" tests="1" name="com.testng.demo.SpeakLangTests" time="11.902" errors="0" timestamp="2023-06-26T23:08:30 IST" skipped="0">
  <testcase classname="com.testng.demo.SpeakLangTests" name="verifyLogin" time="11.902"/>
  <system-out/>
</testsuite> <!-- com.testng.demo.SpeakLangTests -->
