<?xml version="1.0" encoding="UTF-8"?>
<!-- Generated by org.testng.reporters.JUnitReportReporter -->
<testsuite hostname="DESKTOP-2L7QON7" failures="0" tests="3" name="com.app.pages.SignUpPage" time="76.210" errors="0" timestamp="2023-06-23T22:47:44 IST" skipped="0">
  <testcase classname="com.app.pages.SignUpPage" name="verifySignup" time="25.639"/>
  <system-out/>
  <testcase classname="com.app.pages.SignUpPage" name="verifySignup" time="24.007"/>
  <system-out/>
  <testcase classname="com.app.pages.SignUpPage" name="verifySignup" time="26.564"/>
  <system-out/>
</testsuite> <!-- com.app.pages.SignUpPage -->
